This file contains any messages produced by compilers while
running configure, to aid debugging if configure makes a mistake.

It was created by autodock configure 4.2.1, which was
generated by GNU Autoconf 2.61.  Invocation command line was

  $ ./configure CXX=CC CC=CC CPPFLAGS=-I/opt/cray/hdf5-parallel/1.8.4.1/hdf5-parallel-pgi/include LIBS=-L/opt/cray/hdf5-parallel/1.8.4.1/hdf5-parallel-pgi/lib -lhdf5_hl -lhdf5 -lz

## --------- ##
## Platform. ##
## --------- ##

hostname = jaguar12
uname -m = x86_64
uname -r = 2.6.16.60-0.39_1.0102.4787.2.2.41-ss
uname -s = Linux
uname -v = #1 SMP Thu Sep 16 15:39:00 CDT 2010

/usr/bin/uname -p = unknown
/bin/uname -X     = unknown

/bin/arch              = x86_64
/usr/bin/arch -k       = unknown
/usr/convex/getsysinfo = unknown
/usr/bin/hostinfo      = unknown
/bin/machine           = unknown
/usr/bin/oslevel       = unknown
/bin/universe          = unknown

PATH: /autofs/na1_home/bci/PROJECT/mgltools_i86Linux2_1.5.2/bin
PATH: /opt/cray/xt-asyncpe/4.0/bin
PATH: /opt/cray/hdf5-parallel/1.8.4.1/hdf5-pgi/bin
PATH: /opt/cray/hdf5-parallel/1.8.4.1/hdf5-parallel-pgi/bin
PATH: /opt/cray/pmi/1.0-1.0000.7628.10.2.ss/bin
PATH: /opt/pgi/10.3.0/linux86-64/10.3/bin
PATH: /autofs/na1_home/bci/PROJECT/mgltools_i86Linux2_1.5.2/bin
PATH: /opt/cray/projdb/1.0.0-1.0202.18638.45.1/bin
PATH: /opt/cray/account/1.0.0-2.0202.18612.42.3/bin
PATH: /opt/cray/csa/3.0.0-1_2.0202.18623.63.1/sbin
PATH: /opt/cray/csa/3.0.0-1_2.0202.18623.63.1/bin
PATH: /opt/cray/job/1.5.5-0.1_2.0202.18632.46.1/bin
PATH: /opt/xt-lustre-ss/2.2.41_1.6.5/usr/sbin
PATH: /opt/xt-lustre-ss/2.2.41_1.6.5/usr/bin
PATH: /opt/xt-boot/2.2.41A/bin/snos64
PATH: /opt/xt-os/2.2.41A/bin/snos64
PATH: /opt/xt-service/2.2.41A/bin/snos64
PATH: /opt/xt-prgenv/2.2.41A/bin
PATH: /opt/cray/MySQL/5.0.64-1.0000.2342.16.1/sbin
PATH: /opt/cray/MySQL/5.0.64-1.0000.2342.16.1/bin
PATH: /opt/moab/default/bin
PATH: /opt/torque/default/bin
PATH: /sw/xt5/bin
PATH: /opt/modules/3.1.6/bin
PATH: /usr/bin
PATH: /bin
PATH: /usr/sbin
PATH: /sbin
PATH: /usr/games
PATH: /opt/bin
PATH: /opt/gnome/bin
PATH: /usr/bin/X11
PATH: /usr/lib/mit/bin
PATH: /usr/lib/mit/sbin
PATH: /opt/xt-ofed-1.2.5.5/bin
PATH: /opt/xt-ofed-1.2.5.5/sbin
PATH: /opt/pathscale/bin
PATH: /usr/lib/qt3/bin
PATH: /opt/bin
PATH: /opt/public/bin
PATH: /opt/bin
PATH: /opt/public/bin
PATH: /opt/bin
PATH: /opt/public/bin
PATH: /opt/bin
PATH: /opt/public/bin


## ----------- ##
## Core tests. ##
## ----------- ##

configure:1801: checking for a BSD-compatible install
configure:1857: result: /usr/bin/install -c
configure:1868: checking whether build environment is sane
configure:1911: result: yes
configure:1939: checking for a thread-safe mkdir -p
configure:1978: result: /bin/mkdir -p
configure:1991: checking for gawk
configure:2007: found /usr/bin/gawk
configure:2018: result: gawk
configure:2029: checking whether make sets $(MAKE)
configure:2050: result: yes
configure:2247: checking for gawk
configure:2274: result: gawk
configure:2404: checking for C++ compiler version
configure:2411: CC --version >&5
/opt/cray/xt-asyncpe/4.0/bin/CC: INFO: linux target is being used
INFO: hdf5-parallel is not supported in C++.
/usr/lib64/crt1.o: In function `_start':
init.c:(.text+0x20): undefined reference to `main'
/usr/bin/ld.x: link errors found, deleting executable `a.out'

pgCC 10.3-0 64-bit target on x86-64 Linux -tp barcelona-64 
Copyright 1989-2000, The Portland Group, Inc.  All Rights Reserved.
Copyright 2000-2010, STMicroelectronics, Inc.  All Rights Reserved.
configure:2414: $? = 2
configure:2421: CC -v >&5
/opt/cray/xt-asyncpe/4.0/bin/CC: INFO: linux target is being used
INFO: hdf5-parallel is not supported in C++.

/usr/bin/ld /usr/lib64/crt1.o /usr/lib64/crti.o /opt/pgi/10.3.0/linux86-64/10.3/lib/trace_init.o /usr/lib64/gcc/x86_64-suse-linux/4.1.2/crtbeginT.o /opt/pgi/10.3.0/linux86-64/10.3/lib/initmp.o -m elf_x86_64 -dynamic-linker /lib64/ld-linux-x86-64.so.2 /opt/pgi/10.3.0/linux86-64/10.3/lib/pgi.ld -L/opt/cray/pmi/1.0-1.0000.7628.10.2.ss/lib64 -L/opt/cray/mpt/4.0.0/xt/seastar/mpich2-pgi/lib -L/opt/cray/mpt/4.0.0/xt/sma/lib -L/opt/xt-libsci/10.4.4/pgi/lib -L/opt/cray/mpt/4.0.0/xt/sma/lib -L/opt/xt-pe/2.2.41A/lib -L/opt/xt-pe/default/lib -L/opt/xt-pe/2.2.41A/lib/snos64 -L/opt/xt-pe/default/lib/snos64 -L/usr/lib/alps -L/opt/pgi/10.3.0/linux86-64/10.3/lib -L/usr/lib64 -L/usr/lib64/gcc/x86_64-suse-linux/4.1.2 -Bstatic -rpath=/opt/cray/pmi/1.0-1.0000.7628.10.2.ss/lib64 -rpath=/opt/xt-pe/2.2.41A/lib -rpath=/opt/cray/mpt/4.0.0/xt/seastar/mpich2-pgi/lib -rpath=/opt/cray/mpt/default/xt/seastar/mpich2-pgi/lib -rpath=/opt/cray/mpt/4.0.0/xt/sma/lib -rpath=/opt/cray/mpt/default/xt/sma/lib -rpath=/opt/xt-libsci/10.4.4/pgi/lib -rpath=/opt/xt-libsci/default/pgi/lib -rpath=/opt/cray/mpt/4.0.0/xt/sma/lib -rpath=/opt/cray/mpt/default/xt/sma/lib -rpath=/opt/xt-pe/2.2.41A/lib -rpath=/opt/xt-pe/default/lib -rpath=/usr/lib/alps --start-group -lsci_quadcore_mp -lmpichcxx -lmpich -lrt -lsma -lportals -lpmi -lalpslli -lalpsutil -lpthread -lm --end-group -rpath /opt/pgi/10.3.0/linux86-64/10.3/lib -lstdmp -lC /opt/pgi/10.3.0/linux86-64/10.3/lib/nonuma.o -lpgmp -lpgbind -Bdynamic -Bstatic -lpthread -lpgf90 -lpgf90_rpm1 -lpgf902 -lpgf90rtl -lpgftnrtl -lnspgc -lpgc -lrt -lpthread -lm -lgcc -lgcc_eh -lc -lgcc -lgcc_eh -lc /usr/lib64/gcc/x86_64-suse-linux/4.1.2/crtend.o /usr/lib64/crtn.o
/usr/lib64/crt1.o: In function `_start':
init.c:(.text+0x20): undefined reference to `main'
/usr/bin/ld.x: link errors found, deleting executable `a.out'
pgCC-Fatal-linker completed with exit code 1

configure:2424: $? = 2
configure:2431: CC -V >&5
/opt/cray/xt-asyncpe/4.0/bin/CC: INFO: native target is being used
/usr/lib64/crt1.o: In function `_start':
init.c:(.text+0x20): undefined reference to `main'
/usr/bin/ld.x: link errors found, deleting executable `a.out'

pgCC 10.3-0 64-bit target on x86-64 Linux -tp k8-64e 
Copyright 1989-2000, The Portland Group, Inc.  All Rights Reserved.
Copyright 2000-2010, STMicroelectronics, Inc.  All Rights Reserved.
configure:2434: $? = 2
configure:2457: checking for C++ compiler default output file name
configure:2484: CC  -I/opt/cray/hdf5-parallel/1.8.4.1/hdf5-parallel-pgi/include  conftest.cpp -L/opt/cray/hdf5-parallel/1.8.4.1/hdf5-parallel-pgi/lib -lhdf5_hl -lhdf5 -lz >&5
/opt/cray/xt-asyncpe/4.0/bin/CC: INFO: linux target is being used
INFO: hdf5-parallel is not supported in C++.
configure:2487: $? = 0
configure:2525: result: a.out
configure:2542: checking whether the C++ compiler works
configure:2552: ./a.out
configure:2555: $? = 0
configure:2572: result: yes
configure:2579: checking whether we are cross compiling
configure:2581: result: no
configure:2584: checking for suffix of executables
configure:2591: CC -o conftest  -I/opt/cray/hdf5-parallel/1.8.4.1/hdf5-parallel-pgi/include  conftest.cpp -L/opt/cray/hdf5-parallel/1.8.4.1/hdf5-parallel-pgi/lib -lhdf5_hl -lhdf5 -lz >&5
/opt/cray/xt-asyncpe/4.0/bin/CC: INFO: linux target is being used
INFO: hdf5-parallel is not supported in C++.
configure:2594: $? = 0
configure:2618: result: 
configure:2624: checking for suffix of object files
configure:2650: CC -c  -I/opt/cray/hdf5-parallel/1.8.4.1/hdf5-parallel-pgi/include conftest.cpp >&5
/opt/cray/xt-asyncpe/4.0/bin/CC: INFO: linux target is being used
INFO: hdf5-parallel is not supported in C++.
configure:2653: $? = 0
configure:2676: result: o
configure:2680: checking whether we are using the GNU C++ compiler
configure:2709: CC -c  -I/opt/cray/hdf5-parallel/1.8.4.1/hdf5-parallel-pgi/include conftest.cpp >&5
/opt/cray/xt-asyncpe/4.0/bin/CC: INFO: linux target is being used
INFO: hdf5-parallel is not supported in C++.
"conftest.cpp", line 15: error: identifier "choke" is undefined
         choke me
         ^

1 error detected in the compilation of "conftest.cpp".
configure:2715: $? = 2
configure: failed program was:
| /* confdefs.h.  */
| #define PACKAGE_NAME "autodock"
| #define PACKAGE_TARNAME "autodock"
| #define PACKAGE_VERSION "4.2.1"
| #define PACKAGE_STRING "autodock 4.2.1"
| #define PACKAGE_BUGREPORT "autodock@scripps.edu"
| #define PACKAGE "autodock"
| #define VERSION "4.2.1"
| /* end confdefs.h.  */
| 
| int
| main ()
| {
| #ifndef __GNUC__
|        choke me
| #endif
| 
|   ;
|   return 0;
| }
configure:2732: result: no
configure:2737: checking whether CC accepts -g
configure:2767: CC -c -g -I/opt/cray/hdf5-parallel/1.8.4.1/hdf5-parallel-pgi/include conftest.cpp >&5
/opt/cray/xt-asyncpe/4.0/bin/CC: INFO: linux target is being used
INFO: hdf5-parallel is not supported in C++.
configure:2773: $? = 0
configure: failed program was:
| /* confdefs.h.  */
| #define PACKAGE_NAME "autodock"
| #define PACKAGE_TARNAME "autodock"
| #define PACKAGE_VERSION "4.2.1"
| #define PACKAGE_STRING "autodock 4.2.1"
| #define PACKAGE_BUGREPORT "autodock@scripps.edu"
| #define PACKAGE "autodock"
| #define VERSION "4.2.1"
| /* end confdefs.h.  */
| 
| int
| main ()
| {
| 
|   ;
|   return 0;
| }
configure:2805: CC -c  -I/opt/cray/hdf5-parallel/1.8.4.1/hdf5-parallel-pgi/include conftest.cpp >&5
/opt/cray/xt-asyncpe/4.0/bin/CC: INFO: linux target is being used
INFO: hdf5-parallel is not supported in C++.
configure:2811: $? = 0
configure: failed program was:
| /* confdefs.h.  */
| #define PACKAGE_NAME "autodock"
| #define PACKAGE_TARNAME "autodock"
| #define PACKAGE_VERSION "4.2.1"
| #define PACKAGE_STRING "autodock 4.2.1"
| #define PACKAGE_BUGREPORT "autodock@scripps.edu"
| #define PACKAGE "autodock"
| #define VERSION "4.2.1"
| /* end confdefs.h.  */
| 
| int
| main ()
| {
| 
|   ;
|   return 0;
| }
configure:2844: CC -c -g -I/opt/cray/hdf5-parallel/1.8.4.1/hdf5-parallel-pgi/include conftest.cpp >&5
/opt/cray/xt-asyncpe/4.0/bin/CC: INFO: linux target is being used
INFO: hdf5-parallel is not supported in C++.
configure:2850: $? = 0
configure:2872: result: yes
configure:2906: checking for style of include used by make
configure:2934: result: GNU
configure:2959: checking dependency style of CC
configure:3050: result: none
configure:3080: checking for a BSD-compatible install
configure:3136: result: /usr/bin/install -c
configure:3190: checking for ranlib
configure:3206: found /usr/bin/ranlib
configure:3217: result: ranlib
configure:3250: checking build system type
configure:3268: result: x86_64-unknown-linux-gnu
configure:3290: checking host system type
configure:3305: result: x86_64-unknown-linux-gnu
configure:3377: checking for gcc
configure:3404: result: CC
configure:3642: checking for C compiler version
configure:3649: CC --version >&5
/opt/cray/xt-asyncpe/4.0/bin/CC: INFO: linux target is being used
INFO: hdf5-parallel is not supported in C++.
/usr/lib64/crt1.o: In function `_start':
init.c:(.text+0x20): undefined reference to `main'
/usr/bin/ld.x: link errors found, deleting executable `a.out'

pgCC 10.3-0 64-bit target on x86-64 Linux -tp barcelona-64 
Copyright 1989-2000, The Portland Group, Inc.  All Rights Reserved.
Copyright 2000-2010, STMicroelectronics, Inc.  All Rights Reserved.
configure:3652: $? = 2
configure:3659: CC -v >&5
/opt/cray/xt-asyncpe/4.0/bin/CC: INFO: linux target is being used
INFO: hdf5-parallel is not supported in C++.

/usr/bin/ld /usr/lib64/crt1.o /usr/lib64/crti.o /opt/pgi/10.3.0/linux86-64/10.3/lib/trace_init.o /usr/lib64/gcc/x86_64-suse-linux/4.1.2/crtbeginT.o /opt/pgi/10.3.0/linux86-64/10.3/lib/initmp.o -m elf_x86_64 -dynamic-linker /lib64/ld-linux-x86-64.so.2 /opt/pgi/10.3.0/linux86-64/10.3/lib/pgi.ld -L/opt/cray/pmi/1.0-1.0000.7628.10.2.ss/lib64 -L/opt/cray/mpt/4.0.0/xt/seastar/mpich2-pgi/lib -L/opt/cray/mpt/4.0.0/xt/sma/lib -L/opt/xt-libsci/10.4.4/pgi/lib -L/opt/cray/mpt/4.0.0/xt/sma/lib -L/opt/xt-pe/2.2.41A/lib -L/opt/xt-pe/default/lib -L/opt/xt-pe/2.2.41A/lib/snos64 -L/opt/xt-pe/default/lib/snos64 -L/usr/lib/alps -L/opt/pgi/10.3.0/linux86-64/10.3/lib -L/usr/lib64 -L/usr/lib64/gcc/x86_64-suse-linux/4.1.2 -Bstatic -rpath=/opt/cray/pmi/1.0-1.0000.7628.10.2.ss/lib64 -rpath=/opt/xt-pe/2.2.41A/lib -rpath=/opt/cray/mpt/4.0.0/xt/seastar/mpich2-pgi/lib -rpath=/opt/cray/mpt/default/xt/seastar/mpich2-pgi/lib -rpath=/opt/cray/mpt/4.0.0/xt/sma/lib -rpath=/opt/cray/mpt/default/xt/sma/lib -rpath=/opt/xt-libsci/10.4.4/pgi/lib -rpath=/opt/xt-libsci/default/pgi/lib -rpath=/opt/cray/mpt/4.0.0/xt/sma/lib -rpath=/opt/cray/mpt/default/xt/sma/lib -rpath=/opt/xt-pe/2.2.41A/lib -rpath=/opt/xt-pe/default/lib -rpath=/usr/lib/alps --start-group -lsci_quadcore_mp -lmpichcxx -lmpich -lrt -lsma -lportals -lpmi -lalpslli -lalpsutil -lpthread -lm --end-group -rpath /opt/pgi/10.3.0/linux86-64/10.3/lib -lstdmp -lC /opt/pgi/10.3.0/linux86-64/10.3/lib/nonuma.o -lpgmp -lpgbind -Bdynamic -Bstatic -lpthread -lpgf90 -lpgf90_rpm1 -lpgf902 -lpgf90rtl -lpgftnrtl -lnspgc -lpgc -lrt -lpthread -lm -lgcc -lgcc_eh -lc -lgcc -lgcc_eh -lc /usr/lib64/gcc/x86_64-suse-linux/4.1.2/crtend.o /usr/lib64/crtn.o
/usr/lib64/crt1.o: In function `_start':
init.c:(.text+0x20): undefined reference to `main'
/usr/bin/ld.x: link errors found, deleting executable `a.out'
pgCC-Fatal-linker completed with exit code 1

configure:3662: $? = 2
configure:3669: CC -V >&5
/opt/cray/xt-asyncpe/4.0/bin/CC: INFO: native target is being used
/usr/lib64/crt1.o: In function `_start':
init.c:(.text+0x20): undefined reference to `main'
/usr/bin/ld.x: link errors found, deleting executable `a.out'

pgCC 10.3-0 64-bit target on x86-64 Linux -tp k8-64e 
Copyright 1989-2000, The Portland Group, Inc.  All Rights Reserved.
Copyright 2000-2010, STMicroelectronics, Inc.  All Rights Reserved.
configure:3672: $? = 2
configure:3675: checking whether we are using the GNU C compiler
configure:3704: CC -c  -I/opt/cray/hdf5-parallel/1.8.4.1/hdf5-parallel-pgi/include conftest.c >&5
/opt/cray/xt-asyncpe/4.0/bin/CC: INFO: linux target is being used
INFO: hdf5-parallel is not supported in C++.
"conftest.c", line 15: error: identifier "choke" is undefined
         choke me
         ^

1 error detected in the compilation of "conftest.c".
configure:3710: $? = 2
configure: failed program was:
| /* confdefs.h.  */
| #define PACKAGE_NAME "autodock"
| #define PACKAGE_TARNAME "autodock"
| #define PACKAGE_VERSION "4.2.1"
| #define PACKAGE_STRING "autodock 4.2.1"
| #define PACKAGE_BUGREPORT "autodock@scripps.edu"
| #define PACKAGE "autodock"
| #define VERSION "4.2.1"
| /* end confdefs.h.  */
| 
| int
| main ()
| {
| #ifndef __GNUC__
|        choke me
| #endif
| 
|   ;
|   return 0;
| }
configure:3727: result: no
configure:3732: checking whether CC accepts -g
configure:3762: CC -c -g -I/opt/cray/hdf5-parallel/1.8.4.1/hdf5-parallel-pgi/include conftest.c >&5
/opt/cray/xt-asyncpe/4.0/bin/CC: INFO: linux target is being used
INFO: hdf5-parallel is not supported in C++.
configure:3768: $? = 0
configure: failed program was:
| /* confdefs.h.  */
| #define PACKAGE_NAME "autodock"
| #define PACKAGE_TARNAME "autodock"
| #define PACKAGE_VERSION "4.2.1"
| #define PACKAGE_STRING "autodock 4.2.1"
| #define PACKAGE_BUGREPORT "autodock@scripps.edu"
| #define PACKAGE "autodock"
| #define VERSION "4.2.1"
| /* end confdefs.h.  */
| 
| int
| main ()
| {
| 
|   ;
|   return 0;
| }
configure:3800: CC -c  -I/opt/cray/hdf5-parallel/1.8.4.1/hdf5-parallel-pgi/include conftest.c >&5
/opt/cray/xt-asyncpe/4.0/bin/CC: INFO: linux target is being used
INFO: hdf5-parallel is not supported in C++.
configure:3806: $? = 0
configure: failed program was:
| /* confdefs.h.  */
| #define PACKAGE_NAME "autodock"
| #define PACKAGE_TARNAME "autodock"
| #define PACKAGE_VERSION "4.2.1"
| #define PACKAGE_STRING "autodock 4.2.1"
| #define PACKAGE_BUGREPORT "autodock@scripps.edu"
| #define PACKAGE "autodock"
| #define VERSION "4.2.1"
| /* end confdefs.h.  */
| 
| int
| main ()
| {
| 
|   ;
|   return 0;
| }
configure:3839: CC -c -g -I/opt/cray/hdf5-parallel/1.8.4.1/hdf5-parallel-pgi/include conftest.c >&5
/opt/cray/xt-asyncpe/4.0/bin/CC: INFO: linux target is being used
INFO: hdf5-parallel is not supported in C++.
configure:3845: $? = 0
configure:3867: result: yes
configure:3884: checking for CC option to accept ISO C89
configure:3958: CC  -c -g -I/opt/cray/hdf5-parallel/1.8.4.1/hdf5-parallel-pgi/include conftest.c >&5
/opt/cray/xt-asyncpe/4.0/bin/CC: INFO: linux target is being used
INFO: hdf5-parallel is not supported in C++.
"conftest.c", line 17: error: identifier "p" is undefined
  static char *e (p, i)
                  ^

"conftest.c", line 17: error: expected a ")"
  static char *e (p, i)
                   ^

"conftest.c", line 18: error: expected a ";"
       char **p;
       ^

"conftest.c", line 20: error: expected a declaration
  {
  ^

"conftest.c", line 56: error: argument of type "char *" is incompatible with
          parameter of type "char *(*)(char **, int)"
  return f (e, argv, 0) != argv[0]  ||  f (e, argv, 1) != argv[1];
            ^

"conftest.c", line 56: error: argument of type "char *" is incompatible with
          parameter of type "char *(*)(char **, int)"
  return f (e, argv, 0) != argv[0]  ||  f (e, argv, 1) != argv[1];
                                           ^

"conftest.c", line 58: warning: statement is unreachable
    return 0;
    ^

6 errors detected in the compilation of "conftest.c".
configure:3964: $? = 2
configure: failed program was:
| /* confdefs.h.  */
| #define PACKAGE_NAME "autodock"
| #define PACKAGE_TARNAME "autodock"
| #define PACKAGE_VERSION "4.2.1"
| #define PACKAGE_STRING "autodock 4.2.1"
| #define PACKAGE_BUGREPORT "autodock@scripps.edu"
| #define PACKAGE "autodock"
| #define VERSION "4.2.1"
| /* end confdefs.h.  */
| #include <stdarg.h>
| #include <stdio.h>
| #include <sys/types.h>
| #include <sys/stat.h>
| /* Most of the following tests are stolen from RCS 5.7's src/conf.sh.  */
| struct buf { int x; };
| FILE * (*rcsopen) (struct buf *, struct stat *, int);
| static char *e (p, i)
|      char **p;
|      int i;
| {
|   return p[i];
| }
| static char *f (char * (*g) (char **, int), char **p, ...)
| {
|   char *s;
|   va_list v;
|   va_start (v,p);
|   s = g (p, va_arg (v,int));
|   va_end (v);
|   return s;
| }
| 
| /* OSF 4.0 Compaq cc is some sort of almost-ANSI by default.  It has
|    function prototypes and stuff, but not '\xHH' hex character constants.
|    These don't provoke an error unfortunately, instead are silently treated
|    as 'x'.  The following induces an error, until -std is added to get
|    proper ANSI mode.  Curiously '\x00'!='x' always comes out true, for an
|    array size at least.  It's necessary to write '\x00'==0 to get something
|    that's true only with -std.  */
| int osf4_cc_array ['\x00' == 0 ? 1 : -1];
| 
| /* IBM C 6 for AIX is almost-ANSI by default, but it replaces macro parameters
|    inside strings and character constants.  */
| #define FOO(x) 'x'
| int xlc6_cc_array[FOO(a) == 'x' ? 1 : -1];
| 
| int test (int i, double x);
| struct s1 {int (*f) (int a);};
| struct s2 {int (*f) (double a);};
| int pairnames (int, char **, FILE *(*)(struct buf *, struct stat *, int), int, int);
| int argc;
| char **argv;
| int
| main ()
| {
| return f (e, argv, 0) != argv[0]  ||  f (e, argv, 1) != argv[1];
|   ;
|   return 0;
| }
configure:3958: CC -qlanglvl=extc89 -c -g -I/opt/cray/hdf5-parallel/1.8.4.1/hdf5-parallel-pgi/include conftest.c >&5
/opt/cray/xt-asyncpe/4.0/bin/CC: INFO: linux target is being used
INFO: hdf5-parallel is not supported in C++.
pgCC-Error-Unknown switch: -qlanglvl=extc89
configure:3964: $? = 1
configure: failed program was:
| /* confdefs.h.  */
| #define PACKAGE_NAME "autodock"
| #define PACKAGE_TARNAME "autodock"
| #define PACKAGE_VERSION "4.2.1"
| #define PACKAGE_STRING "autodock 4.2.1"
| #define PACKAGE_BUGREPORT "autodock@scripps.edu"
| #define PACKAGE "autodock"
| #define VERSION "4.2.1"
| /* end confdefs.h.  */
| #include <stdarg.h>
| #include <stdio.h>
| #include <sys/types.h>
| #include <sys/stat.h>
| /* Most of the following tests are stolen from RCS 5.7's src/conf.sh.  */
| struct buf { int x; };
| FILE * (*rcsopen) (struct buf *, struct stat *, int);
| static char *e (p, i)
|      char **p;
|      int i;
| {
|   return p[i];
| }
| static char *f (char * (*g) (char **, int), char **p, ...)
| {
|   char *s;
|   va_list v;
|   va_start (v,p);
|   s = g (p, va_arg (v,int));
|   va_end (v);
|   return s;
| }
| 
| /* OSF 4.0 Compaq cc is some sort of almost-ANSI by default.  It has
|    function prototypes and stuff, but not '\xHH' hex character constants.
|    These don't provoke an error unfortunately, instead are silently treated
|    as 'x'.  The following induces an error, until -std is added to get
|    proper ANSI mode.  Curiously '\x00'!='x' always comes out true, for an
|    array size at least.  It's necessary to write '\x00'==0 to get something
|    that's true only with -std.  */
| int osf4_cc_array ['\x00' == 0 ? 1 : -1];
| 
| /* IBM C 6 for AIX is almost-ANSI by default, but it replaces macro parameters
|    inside strings and character constants.  */
| #define FOO(x) 'x'
| int xlc6_cc_array[FOO(a) == 'x' ? 1 : -1];
| 
| int test (int i, double x);
| struct s1 {int (*f) (int a);};
| struct s2 {int (*f) (double a);};
| int pairnames (int, char **, FILE *(*)(struct buf *, struct stat *, int), int, int);
| int argc;
| char **argv;
| int
| main ()
| {
| return f (e, argv, 0) != argv[0]  ||  f (e, argv, 1) != argv[1];
|   ;
|   return 0;
| }
configure:3958: CC -qlanglvl=ansi -c -g -I/opt/cray/hdf5-parallel/1.8.4.1/hdf5-parallel-pgi/include conftest.c >&5
/opt/cray/xt-asyncpe/4.0/bin/CC: INFO: linux target is being used
INFO: hdf5-parallel is not supported in C++.
pgCC-Error-Unknown switch: -qlanglvl=ansi
configure:3964: $? = 1
configure: failed program was:
| /* confdefs.h.  */
| #define PACKAGE_NAME "autodock"
| #define PACKAGE_TARNAME "autodock"
| #define PACKAGE_VERSION "4.2.1"
| #define PACKAGE_STRING "autodock 4.2.1"
| #define PACKAGE_BUGREPORT "autodock@scripps.edu"
| #define PACKAGE "autodock"
| #define VERSION "4.2.1"
| /* end confdefs.h.  */
| #include <stdarg.h>
| #include <stdio.h>
| #include <sys/types.h>
| #include <sys/stat.h>
| /* Most of the following tests are stolen from RCS 5.7's src/conf.sh.  */
| struct buf { int x; };
| FILE * (*rcsopen) (struct buf *, struct stat *, int);
| static char *e (p, i)
|      char **p;
|      int i;
| {
|   return p[i];
| }
| static char *f (char * (*g) (char **, int), char **p, ...)
| {
|   char *s;
|   va_list v;
|   va_start (v,p);
|   s = g (p, va_arg (v,int));
|   va_end (v);
|   return s;
| }
| 
| /* OSF 4.0 Compaq cc is some sort of almost-ANSI by default.  It has
|    function prototypes and stuff, but not '\xHH' hex character constants.
|    These don't provoke an error unfortunately, instead are silently treated
|    as 'x'.  The following induces an error, until -std is added to get
|    proper ANSI mode.  Curiously '\x00'!='x' always comes out true, for an
|    array size at least.  It's necessary to write '\x00'==0 to get something
|    that's true only with -std.  */
| int osf4_cc_array ['\x00' == 0 ? 1 : -1];
| 
| /* IBM C 6 for AIX is almost-ANSI by default, but it replaces macro parameters
|    inside strings and character constants.  */
| #define FOO(x) 'x'
| int xlc6_cc_array[FOO(a) == 'x' ? 1 : -1];
| 
| int test (int i, double x);
| struct s1 {int (*f) (int a);};
| struct s2 {int (*f) (double a);};
| int pairnames (int, char **, FILE *(*)(struct buf *, struct stat *, int), int, int);
| int argc;
| char **argv;
| int
| main ()
| {
| return f (e, argv, 0) != argv[0]  ||  f (e, argv, 1) != argv[1];
|   ;
|   return 0;
| }
configure:3958: CC -std -c -g -I/opt/cray/hdf5-parallel/1.8.4.1/hdf5-parallel-pgi/include conftest.c >&5
/opt/cray/xt-asyncpe/4.0/bin/CC: INFO: linux target is being used
INFO: hdf5-parallel is not supported in C++.
pgCC-Error-Unknown switch: -std
configure:3964: $? = 1
configure: failed program was:
| /* confdefs.h.  */
| #define PACKAGE_NAME "autodock"
| #define PACKAGE_TARNAME "autodock"
| #define PACKAGE_VERSION "4.2.1"
| #define PACKAGE_STRING "autodock 4.2.1"
| #define PACKAGE_BUGREPORT "autodock@scripps.edu"
| #define PACKAGE "autodock"
| #define VERSION "4.2.1"
| /* end confdefs.h.  */
| #include <stdarg.h>
| #include <stdio.h>
| #include <sys/types.h>
| #include <sys/stat.h>
| /* Most of the following tests are stolen from RCS 5.7's src/conf.sh.  */
| struct buf { int x; };
| FILE * (*rcsopen) (struct buf *, struct stat *, int);
| static char *e (p, i)
|      char **p;
|      int i;
| {
|   return p[i];
| }
| static char *f (char * (*g) (char **, int), char **p, ...)
| {
|   char *s;
|   va_list v;
|   va_start (v,p);
|   s = g (p, va_arg (v,int));
|   va_end (v);
|   return s;
| }
| 
| /* OSF 4.0 Compaq cc is some sort of almost-ANSI by default.  It has
|    function prototypes and stuff, but not '\xHH' hex character constants.
|    These don't provoke an error unfortunately, instead are silently treated
|    as 'x'.  The following induces an error, until -std is added to get
|    proper ANSI mode.  Curiously '\x00'!='x' always comes out true, for an
|    array size at least.  It's necessary to write '\x00'==0 to get something
|    that's true only with -std.  */
| int osf4_cc_array ['\x00' == 0 ? 1 : -1];
| 
| /* IBM C 6 for AIX is almost-ANSI by default, but it replaces macro parameters
|    inside strings and character constants.  */
| #define FOO(x) 'x'
| int xlc6_cc_array[FOO(a) == 'x' ? 1 : -1];
| 
| int test (int i, double x);
| struct s1 {int (*f) (int a);};
| struct s2 {int (*f) (double a);};
| int pairnames (int, char **, FILE *(*)(struct buf *, struct stat *, int), int, int);
| int argc;
| char **argv;
| int
| main ()
| {
| return f (e, argv, 0) != argv[0]  ||  f (e, argv, 1) != argv[1];
|   ;
|   return 0;
| }
configure:3958: CC -Ae -c -g -I/opt/cray/hdf5-parallel/1.8.4.1/hdf5-parallel-pgi/include conftest.c >&5
/opt/cray/xt-asyncpe/4.0/bin/CC: INFO: linux target is being used
INFO: hdf5-parallel is not supported in C++.
pgCC-Error-Unknown switch: -Ae
configure:3964: $? = 1
configure: failed program was:
| /* confdefs.h.  */
| #define PACKAGE_NAME "autodock"
| #define PACKAGE_TARNAME "autodock"
| #define PACKAGE_VERSION "4.2.1"
| #define PACKAGE_STRING "autodock 4.2.1"
| #define PACKAGE_BUGREPORT "autodock@scripps.edu"
| #define PACKAGE "autodock"
| #define VERSION "4.2.1"
| /* end confdefs.h.  */
| #include <stdarg.h>
| #include <stdio.h>
| #include <sys/types.h>
| #include <sys/stat.h>
| /* Most of the following tests are stolen from RCS 5.7's src/conf.sh.  */
| struct buf { int x; };
| FILE * (*rcsopen) (struct buf *, struct stat *, int);
| static char *e (p, i)
|      char **p;
|      int i;
| {
|   return p[i];
| }
| static char *f (char * (*g) (char **, int), char **p, ...)
| {
|   char *s;
|   va_list v;
|   va_start (v,p);
|   s = g (p, va_arg (v,int));
|   va_end (v);
|   return s;
| }
| 
| /* OSF 4.0 Compaq cc is some sort of almost-ANSI by default.  It has
|    function prototypes and stuff, but not '\xHH' hex character constants.
|    These don't provoke an error unfortunately, instead are silently treated
|    as 'x'.  The following induces an error, until -std is added to get
|    proper ANSI mode.  Curiously '\x00'!='x' always comes out true, for an
|    array size at least.  It's necessary to write '\x00'==0 to get something
|    that's true only with -std.  */
| int osf4_cc_array ['\x00' == 0 ? 1 : -1];
| 
| /* IBM C 6 for AIX is almost-ANSI by default, but it replaces macro parameters
|    inside strings and character constants.  */
| #define FOO(x) 'x'
| int xlc6_cc_array[FOO(a) == 'x' ? 1 : -1];
| 
| int test (int i, double x);
| struct s1 {int (*f) (int a);};
| struct s2 {int (*f) (double a);};
| int pairnames (int, char **, FILE *(*)(struct buf *, struct stat *, int), int, int);
| int argc;
| char **argv;
| int
| main ()
| {
| return f (e, argv, 0) != argv[0]  ||  f (e, argv, 1) != argv[1];
|   ;
|   return 0;
| }
configure:3958: CC -Aa -D_HPUX_SOURCE -c -g -I/opt/cray/hdf5-parallel/1.8.4.1/hdf5-parallel-pgi/include conftest.c >&5
/opt/cray/xt-asyncpe/4.0/bin/CC: INFO: linux target is being used
INFO: hdf5-parallel is not supported in C++.
pgCC-Error-Unknown switch: -Aa
configure:3964: $? = 1
configure: failed program was:
| /* confdefs.h.  */
| #define PACKAGE_NAME "autodock"
| #define PACKAGE_TARNAME "autodock"
| #define PACKAGE_VERSION "4.2.1"
| #define PACKAGE_STRING "autodock 4.2.1"
| #define PACKAGE_BUGREPORT "autodock@scripps.edu"
| #define PACKAGE "autodock"
| #define VERSION "4.2.1"
| /* end confdefs.h.  */
| #include <stdarg.h>
| #include <stdio.h>
| #include <sys/types.h>
| #include <sys/stat.h>
| /* Most of the following tests are stolen from RCS 5.7's src/conf.sh.  */
| struct buf { int x; };
| FILE * (*rcsopen) (struct buf *, struct stat *, int);
| static char *e (p, i)
|      char **p;
|      int i;
| {
|   return p[i];
| }
| static char *f (char * (*g) (char **, int), char **p, ...)
| {
|   char *s;
|   va_list v;
|   va_start (v,p);
|   s = g (p, va_arg (v,int));
|   va_end (v);
|   return s;
| }
| 
| /* OSF 4.0 Compaq cc is some sort of almost-ANSI by default.  It has
|    function prototypes and stuff, but not '\xHH' hex character constants.
|    These don't provoke an error unfortunately, instead are silently treated
|    as 'x'.  The following induces an error, until -std is added to get
|    proper ANSI mode.  Curiously '\x00'!='x' always comes out true, for an
|    array size at least.  It's necessary to write '\x00'==0 to get something
|    that's true only with -std.  */
| int osf4_cc_array ['\x00' == 0 ? 1 : -1];
| 
| /* IBM C 6 for AIX is almost-ANSI by default, but it replaces macro parameters
|    inside strings and character constants.  */
| #define FOO(x) 'x'
| int xlc6_cc_array[FOO(a) == 'x' ? 1 : -1];
| 
| int test (int i, double x);
| struct s1 {int (*f) (int a);};
| struct s2 {int (*f) (double a);};
| int pairnames (int, char **, FILE *(*)(struct buf *, struct stat *, int), int, int);
| int argc;
| char **argv;
| int
| main ()
| {
| return f (e, argv, 0) != argv[0]  ||  f (e, argv, 1) != argv[1];
|   ;
|   return 0;
| }
configure:3958: CC -Xc -D__EXTENSIONS__ -c -g -I/opt/cray/hdf5-parallel/1.8.4.1/hdf5-parallel-pgi/include conftest.c >&5
/opt/cray/xt-asyncpe/4.0/bin/CC: INFO: linux target is being used
INFO: hdf5-parallel is not supported in C++.
"conftest.c", line 17: error: identifier "p" is undefined
  static char *e (p, i)
                  ^

"conftest.c", line 17: error: expected a ")"
  static char *e (p, i)
                   ^

"conftest.c", line 18: error: expected a ";"
       char **p;
       ^

"conftest.c", line 20: error: expected a declaration
  {
  ^

"conftest.c", line 56: error: argument of type "char *" is incompatible with
          parameter of type "char *(*)(char **, int)"
  return f (e, argv, 0) != argv[0]  ||  f (e, argv, 1) != argv[1];
            ^

"conftest.c", line 56: error: argument of type "char *" is incompatible with
          parameter of type "char *(*)(char **, int)"
  return f (e, argv, 0) != argv[0]  ||  f (e, argv, 1) != argv[1];
                                           ^

"conftest.c", line 58: warning: statement is unreachable
    return 0;
    ^

6 errors detected in the compilation of "conftest.c".
configure:3964: $? = 2
configure: failed program was:
| /* confdefs.h.  */
| #define PACKAGE_NAME "autodock"
| #define PACKAGE_TARNAME "autodock"
| #define PACKAGE_VERSION "4.2.1"
| #define PACKAGE_STRING "autodock 4.2.1"
| #define PACKAGE_BUGREPORT "autodock@scripps.edu"
| #define PACKAGE "autodock"
| #define VERSION "4.2.1"
| /* end confdefs.h.  */
| #include <stdarg.h>
| #include <stdio.h>
| #include <sys/types.h>
| #include <sys/stat.h>
| /* Most of the following tests are stolen from RCS 5.7's src/conf.sh.  */
| struct buf { int x; };
| FILE * (*rcsopen) (struct buf *, struct stat *, int);
| static char *e (p, i)
|      char **p;
|      int i;
| {
|   return p[i];
| }
| static char *f (char * (*g) (char **, int), char **p, ...)
| {
|   char *s;
|   va_list v;
|   va_start (v,p);
|   s = g (p, va_arg (v,int));
|   va_end (v);
|   return s;
| }
| 
| /* OSF 4.0 Compaq cc is some sort of almost-ANSI by default.  It has
|    function prototypes and stuff, but not '\xHH' hex character constants.
|    These don't provoke an error unfortunately, instead are silently treated
|    as 'x'.  The following induces an error, until -std is added to get
|    proper ANSI mode.  Curiously '\x00'!='x' always comes out true, for an
|    array size at least.  It's necessary to write '\x00'==0 to get something
|    that's true only with -std.  */
| int osf4_cc_array ['\x00' == 0 ? 1 : -1];
| 
| /* IBM C 6 for AIX is almost-ANSI by default, but it replaces macro parameters
|    inside strings and character constants.  */
| #define FOO(x) 'x'
| int xlc6_cc_array[FOO(a) == 'x' ? 1 : -1];
| 
| int test (int i, double x);
| struct s1 {int (*f) (int a);};
| struct s2 {int (*f) (double a);};
| int pairnames (int, char **, FILE *(*)(struct buf *, struct stat *, int), int, int);
| int argc;
| char **argv;
| int
| main ()
| {
| return f (e, argv, 0) != argv[0]  ||  f (e, argv, 1) != argv[1];
|   ;
|   return 0;
| }
configure:3990: result: unsupported
configure:4007: checking dependency style of CC
configure:4098: result: none
configure:4119: checking how to run the C preprocessor
configure:4159: CC -E -I/opt/cray/hdf5-parallel/1.8.4.1/hdf5-parallel-pgi/include conftest.c
/opt/cray/xt-asyncpe/4.0/bin/CC: INFO: linux target is being used
INFO: hdf5-parallel is not supported in C++.
configure:4165: $? = 0
configure:4196: CC -E -I/opt/cray/hdf5-parallel/1.8.4.1/hdf5-parallel-pgi/include conftest.c
/opt/cray/xt-asyncpe/4.0/bin/CC: INFO: linux target is being used
INFO: hdf5-parallel is not supported in C++.
"conftest.c", line 10: error: cannot open source file "ac_nonexistent.h"
  #include <ac_nonexistent.h>
                             ^

1 error detected in the compilation of "conftest.c".
configure:4202: $? = 2
configure: failed program was:
| /* confdefs.h.  */
| #define PACKAGE_NAME "autodock"
| #define PACKAGE_TARNAME "autodock"
| #define PACKAGE_VERSION "4.2.1"
| #define PACKAGE_STRING "autodock 4.2.1"
| #define PACKAGE_BUGREPORT "autodock@scripps.edu"
| #define PACKAGE "autodock"
| #define VERSION "4.2.1"
| /* end confdefs.h.  */
| #include <ac_nonexistent.h>
configure:4235: result: CC -E
configure:4264: CC -E -I/opt/cray/hdf5-parallel/1.8.4.1/hdf5-parallel-pgi/include conftest.c
/opt/cray/xt-asyncpe/4.0/bin/CC: INFO: linux target is being used
INFO: hdf5-parallel is not supported in C++.
configure:4270: $? = 0
configure:4301: CC -E -I/opt/cray/hdf5-parallel/1.8.4.1/hdf5-parallel-pgi/include conftest.c
/opt/cray/xt-asyncpe/4.0/bin/CC: INFO: linux target is being used
INFO: hdf5-parallel is not supported in C++.
"conftest.c", line 10: error: cannot open source file "ac_nonexistent.h"
  #include <ac_nonexistent.h>
                             ^

1 error detected in the compilation of "conftest.c".
configure:4307: $? = 2
configure: failed program was:
| /* confdefs.h.  */
| #define PACKAGE_NAME "autodock"
| #define PACKAGE_TARNAME "autodock"
| #define PACKAGE_VERSION "4.2.1"
| #define PACKAGE_STRING "autodock 4.2.1"
| #define PACKAGE_BUGREPORT "autodock@scripps.edu"
| #define PACKAGE "autodock"
| #define VERSION "4.2.1"
| /* end confdefs.h.  */
| #include <ac_nonexistent.h>
configure:4345: checking for grep that handles long lines and -e
configure:4419: result: /usr/bin/grep
configure:4424: checking for egrep
configure:4502: result: /usr/bin/grep -E
configure:4507: checking for ANSI C header files
configure:4537: CC -c -g -I/opt/cray/hdf5-parallel/1.8.4.1/hdf5-parallel-pgi/include conftest.c >&5
/opt/cray/xt-asyncpe/4.0/bin/CC: INFO: linux target is being used
INFO: hdf5-parallel is not supported in C++.
configure:4543: $? = 0
/opt/cray/xt-asyncpe/4.0/bin/CC: INFO: linux target is being used
INFO: hdf5-parallel is not supported in C++.
/opt/cray/xt-asyncpe/4.0/bin/CC: INFO: linux target is being used
INFO: hdf5-parallel is not supported in C++.
configure:4642: CC -o conftest -g -I/opt/cray/hdf5-parallel/1.8.4.1/hdf5-parallel-pgi/include  conftest.c -L/opt/cray/hdf5-parallel/1.8.4.1/hdf5-parallel-pgi/lib -lhdf5_hl -lhdf5 -lz >&5
/opt/cray/xt-asyncpe/4.0/bin/CC: INFO: linux target is being used
INFO: hdf5-parallel is not supported in C++.
configure:4645: $? = 0
configure:4651: ./conftest
configure:4654: $? = 0
configure:4671: result: yes
configure:4698: checking for sys/types.h
configure:4719: CC -c -g -I/opt/cray/hdf5-parallel/1.8.4.1/hdf5-parallel-pgi/include conftest.c >&5
/opt/cray/xt-asyncpe/4.0/bin/CC: INFO: linux target is being used
INFO: hdf5-parallel is not supported in C++.
configure:4725: $? = 0
configure:4741: result: yes
configure:4698: checking for sys/stat.h
configure:4719: CC -c -g -I/opt/cray/hdf5-parallel/1.8.4.1/hdf5-parallel-pgi/include conftest.c >&5
/opt/cray/xt-asyncpe/4.0/bin/CC: INFO: linux target is being used
INFO: hdf5-parallel is not supported in C++.
configure:4725: $? = 0
configure:4741: result: yes
configure:4698: checking for stdlib.h
configure:4719: CC -c -g -I/opt/cray/hdf5-parallel/1.8.4.1/hdf5-parallel-pgi/include conftest.c >&5
/opt/cray/xt-asyncpe/4.0/bin/CC: INFO: linux target is being used
INFO: hdf5-parallel is not supported in C++.
configure:4725: $? = 0
configure:4741: result: yes
configure:4698: checking for string.h
configure:4719: CC -c -g -I/opt/cray/hdf5-parallel/1.8.4.1/hdf5-parallel-pgi/include conftest.c >&5
/opt/cray/xt-asyncpe/4.0/bin/CC: INFO: linux target is being used
INFO: hdf5-parallel is not supported in C++.
configure:4725: $? = 0
configure:4741: result: yes
configure:4698: checking for memory.h
configure:4719: CC -c -g -I/opt/cray/hdf5-parallel/1.8.4.1/hdf5-parallel-pgi/include conftest.c >&5
/opt/cray/xt-asyncpe/4.0/bin/CC: INFO: linux target is being used
INFO: hdf5-parallel is not supported in C++.
configure:4725: $? = 0
configure:4741: result: yes
configure:4698: checking for strings.h
configure:4719: CC -c -g -I/opt/cray/hdf5-parallel/1.8.4.1/hdf5-parallel-pgi/include conftest.c >&5
/opt/cray/xt-asyncpe/4.0/bin/CC: INFO: linux target is being used
INFO: hdf5-parallel is not supported in C++.
configure:4725: $? = 0
configure:4741: result: yes
configure:4698: checking for inttypes.h
configure:4719: CC -c -g -I/opt/cray/hdf5-parallel/1.8.4.1/hdf5-parallel-pgi/include conftest.c >&5
/opt/cray/xt-asyncpe/4.0/bin/CC: INFO: linux target is being used
INFO: hdf5-parallel is not supported in C++.
configure:4725: $? = 0
configure:4741: result: yes
configure:4698: checking for stdint.h
configure:4719: CC -c -g -I/opt/cray/hdf5-parallel/1.8.4.1/hdf5-parallel-pgi/include conftest.c >&5
/opt/cray/xt-asyncpe/4.0/bin/CC: INFO: linux target is being used
INFO: hdf5-parallel is not supported in C++.
configure:4725: $? = 0
configure:4741: result: yes
configure:4698: checking for unistd.h
configure:4719: CC -c -g -I/opt/cray/hdf5-parallel/1.8.4.1/hdf5-parallel-pgi/include conftest.c >&5
/opt/cray/xt-asyncpe/4.0/bin/CC: INFO: linux target is being used
INFO: hdf5-parallel is not supported in C++.
configure:4725: $? = 0
configure:4741: result: yes
configure:4753: checking for stdbool.h that conforms to C99
configure:4846: CC -c -g -I/opt/cray/hdf5-parallel/1.8.4.1/hdf5-parallel-pgi/include conftest.c >&5
/opt/cray/xt-asyncpe/4.0/bin/CC: INFO: linux target is being used
INFO: hdf5-parallel is not supported in C++.
"conftest.c", line 89: warning: controlling expression is constant
  	return (!a + !b + !c + !d + !e + !f + !g + !h + !i + !!j + !k + !!l
  	         ^

"conftest.c", line 89: warning: controlling expression is constant
  	return (!a + !b + !c + !d + !e + !f + !g + !h + !i + !!j + !k + !!l
  	              ^

"conftest.c", line 89: warning: controlling expression is constant
  	return (!a + !b + !c + !d + !e + !f + !g + !h + !i + !!j + !k + !!l
  	                   ^

"conftest.c", line 89: warning: controlling expression is constant
  	return (!a + !b + !c + !d + !e + !f + !g + !h + !i + !!j + !k + !!l
  	                        ^

"conftest.c", line 89: warning: controlling expression is constant
  	return (!a + !b + !c + !d + !e + !f + !g + !h + !i + !!j + !k + !!l
  	                                  ^

"conftest.c", line 89: warning: controlling expression is constant
  	return (!a + !b + !c + !d + !e + !f + !g + !h + !i + !!j + !k + !!l
  	                                       ^

"conftest.c", line 89: warning: controlling expression is constant
  	return (!a + !b + !c + !d + !e + !f + !g + !h + !i + !!j + !k + !!l
  	                                            ^

"conftest.c", line 89: warning: controlling expression is constant
  	return (!a + !b + !c + !d + !e + !f + !g + !h + !i + !!j + !k + !!l
  	                                                 ^

"conftest.c", line 90: warning: controlling expression is constant
  		+ !m + !n + !o + !p + !q + !pq);
  		        ^

"conftest.c", line 90: warning: controlling expression is constant
  		+ !m + !n + !o + !p + !q + !pq);
  		             ^

"conftest.c", line 90: warning: controlling expression is constant
  		+ !m + !n + !o + !p + !q + !pq);
  		                  ^

"conftest.c", line 93: warning: statement is unreachable
    return 0;
    ^

configure:4852: $? = 0
configure:4867: result: yes
configure:4869: checking for _Bool
configure:4899: CC -c -g -I/opt/cray/hdf5-parallel/1.8.4.1/hdf5-parallel-pgi/include conftest.c >&5
/opt/cray/xt-asyncpe/4.0/bin/CC: INFO: linux target is being used
INFO: hdf5-parallel is not supported in C++.
"conftest.c", line 53: error: identifier "_Bool" is undefined
  typedef _Bool ac__type_new_;
          ^

"conftest.c", line 57: warning: controlling expression is constant
  if ((ac__type_new_ *) 0)
      ^

1 error detected in the compilation of "conftest.c".
configure:4905: $? = 2
configure: failed program was:
| /* confdefs.h.  */
| #define PACKAGE_NAME "autodock"
| #define PACKAGE_TARNAME "autodock"
| #define PACKAGE_VERSION "4.2.1"
| #define PACKAGE_STRING "autodock 4.2.1"
| #define PACKAGE_BUGREPORT "autodock@scripps.edu"
| #define PACKAGE "autodock"
| #define VERSION "4.2.1"
| #define STDC_HEADERS 1
| #define HAVE_SYS_TYPES_H 1
| #define HAVE_SYS_STAT_H 1
| #define HAVE_STDLIB_H 1
| #define HAVE_STRING_H 1
| #define HAVE_MEMORY_H 1
| #define HAVE_STRINGS_H 1
| #define HAVE_INTTYPES_H 1
| #define HAVE_STDINT_H 1
| #define HAVE_UNISTD_H 1
| /* end confdefs.h.  */
| #include <stdio.h>
| #ifdef HAVE_SYS_TYPES_H
| # include <sys/types.h>
| #endif
| #ifdef HAVE_SYS_STAT_H
| # include <sys/stat.h>
| #endif
| #ifdef STDC_HEADERS
| # include <stdlib.h>
| # include <stddef.h>
| #else
| # ifdef HAVE_STDLIB_H
| #  include <stdlib.h>
| # endif
| #endif
| #ifdef HAVE_STRING_H
| # if !defined STDC_HEADERS && defined HAVE_MEMORY_H
| #  include <memory.h>
| # endif
| # include <string.h>
| #endif
| #ifdef HAVE_STRINGS_H
| # include <strings.h>
| #endif
| #ifdef HAVE_INTTYPES_H
| # include <inttypes.h>
| #endif
| #ifdef HAVE_STDINT_H
| # include <stdint.h>
| #endif
| #ifdef HAVE_UNISTD_H
| # include <unistd.h>
| #endif
| typedef _Bool ac__type_new_;
| int
| main ()
| {
| if ((ac__type_new_ *) 0)
|   return 0;
| if (sizeof (ac__type_new_))
|   return 0;
|   ;
|   return 0;
| }
configure:4920: result: no
configure:4939: checking for an ANSI C-conforming const
configure:5014: CC -c -g -I/opt/cray/hdf5-parallel/1.8.4.1/hdf5-parallel-pgi/include conftest.c >&5
/opt/cray/xt-asyncpe/4.0/bin/CC: INFO: linux target is being used
INFO: hdf5-parallel is not supported in C++.
configure:5020: $? = 0
configure:5035: result: yes
configure:5045: checking for inline
configure:5071: CC -c -g -I/opt/cray/hdf5-parallel/1.8.4.1/hdf5-parallel-pgi/include conftest.c >&5
/opt/cray/xt-asyncpe/4.0/bin/CC: INFO: linux target is being used
INFO: hdf5-parallel is not supported in C++.
configure:5077: $? = 0
configure:5095: result: inline
configure:5114: checking for size_t
configure:5144: CC -c -g -I/opt/cray/hdf5-parallel/1.8.4.1/hdf5-parallel-pgi/include conftest.c >&5
/opt/cray/xt-asyncpe/4.0/bin/CC: INFO: linux target is being used
INFO: hdf5-parallel is not supported in C++.
"conftest.c", line 58: warning: controlling expression is constant
  if ((ac__type_new_ *) 0)
      ^

"conftest.c", line 63: warning: statement is unreachable
    return 0;
    ^

configure:5150: $? = 0
configure:5165: result: yes
configure:5177: checking whether struct tm is in sys/time.h or time.h
configure:5207: CC -c -g -I/opt/cray/hdf5-parallel/1.8.4.1/hdf5-parallel-pgi/include conftest.c >&5
/opt/cray/xt-asyncpe/4.0/bin/CC: INFO: linux target is being used
INFO: hdf5-parallel is not supported in C++.
"conftest.c", line 31: warning: statement is unreachable
    return 0;
    ^

configure:5213: $? = 0
configure:5228: result: time.h
configure:5245: checking for stdlib.h
configure:5251: result: yes
configure:5385: checking for GNU libc compatible malloc
configure:5419: CC -o conftest -g -I/opt/cray/hdf5-parallel/1.8.4.1/hdf5-parallel-pgi/include  conftest.c -L/opt/cray/hdf5-parallel/1.8.4.1/hdf5-parallel-pgi/lib -lhdf5_hl -lhdf5 -lz >&5
/opt/cray/xt-asyncpe/4.0/bin/CC: INFO: linux target is being used
INFO: hdf5-parallel is not supported in C++.
"conftest.c", line 33: warning: statement is unreachable
    return 0;
    ^

configure:5422: $? = 0
configure:5428: ./conftest
configure:5431: $? = 0
configure:5447: result: yes
configure:5482: checking for gethostname
configure:5538: CC -o conftest -g -I/opt/cray/hdf5-parallel/1.8.4.1/hdf5-parallel-pgi/include  conftest.c -L/opt/cray/hdf5-parallel/1.8.4.1/hdf5-parallel-pgi/lib -lhdf5_hl -lhdf5 -lz >&5
/opt/cray/xt-asyncpe/4.0/bin/CC: INFO: linux target is being used
INFO: hdf5-parallel is not supported in C++.
"conftest.c", line 59: warning: statement is unreachable
    return 0;
    ^

configure:5544: $? = 0
configure:5562: result: yes
configure:5482: checking for pow
configure:5538: CC -o conftest -g -I/opt/cray/hdf5-parallel/1.8.4.1/hdf5-parallel-pgi/include  conftest.c -L/opt/cray/hdf5-parallel/1.8.4.1/hdf5-parallel-pgi/lib -lhdf5_hl -lhdf5 -lz >&5
/opt/cray/xt-asyncpe/4.0/bin/CC: INFO: linux target is being used
INFO: hdf5-parallel is not supported in C++.
"conftest.c", line 60: warning: statement is unreachable
    return 0;
    ^

configure:5544: $? = 0
configure:5562: result: yes
configure:5482: checking for sqrt
configure:5538: CC -o conftest -g -I/opt/cray/hdf5-parallel/1.8.4.1/hdf5-parallel-pgi/include  conftest.c -L/opt/cray/hdf5-parallel/1.8.4.1/hdf5-parallel-pgi/lib -lhdf5_hl -lhdf5 -lz >&5
/opt/cray/xt-asyncpe/4.0/bin/CC: INFO: linux target is being used
INFO: hdf5-parallel is not supported in C++.
"conftest.c", line 61: warning: statement is unreachable
    return 0;
    ^

configure:5544: $? = 0
configure:5562: result: yes
configure:5482: checking for strncasecmp
configure:5538: CC -o conftest -g -I/opt/cray/hdf5-parallel/1.8.4.1/hdf5-parallel-pgi/include  conftest.c -L/opt/cray/hdf5-parallel/1.8.4.1/hdf5-parallel-pgi/lib -lhdf5_hl -lhdf5 -lz >&5
/opt/cray/xt-asyncpe/4.0/bin/CC: INFO: linux target is being used
INFO: hdf5-parallel is not supported in C++.
"conftest.c", line 62: warning: statement is unreachable
    return 0;
    ^

configure:5544: $? = 0
configure:5562: result: yes
configure:5751: creating ./config.status

## ---------------------- ##
## Running config.status. ##
## ---------------------- ##

This file was extended by autodock config.status 4.2.1, which was
generated by GNU Autoconf 2.61.  Invocation command line was

  CONFIG_FILES    = 
  CONFIG_HEADERS  = 
  CONFIG_LINKS    = 
  CONFIG_COMMANDS = 
  $ ./config.status 

on jaguar12

config.status:633: creating Makefile
config.status:824: executing depfiles commands

## ---------------- ##
## Cache variables. ##
## ---------------- ##

ac_cv_build=x86_64-unknown-linux-gnu
ac_cv_c_compiler_gnu=no
ac_cv_c_const=yes
ac_cv_c_inline=inline
ac_cv_cxx_compiler_gnu=no
ac_cv_env_CCC_set=
ac_cv_env_CCC_value=
ac_cv_env_CC_set=set
ac_cv_env_CC_value=CC
ac_cv_env_CFLAGS_set=
ac_cv_env_CFLAGS_value=
ac_cv_env_CPPFLAGS_set=set
ac_cv_env_CPPFLAGS_value=-I/opt/cray/hdf5-parallel/1.8.4.1/hdf5-parallel-pgi/include
ac_cv_env_CPP_set=
ac_cv_env_CPP_value=
ac_cv_env_CXXFLAGS_set=
ac_cv_env_CXXFLAGS_value=
ac_cv_env_CXX_set=set
ac_cv_env_CXX_value=CC
ac_cv_env_LDFLAGS_set=
ac_cv_env_LDFLAGS_value=
ac_cv_env_LIBS_set=set
ac_cv_env_LIBS_value='-L/opt/cray/hdf5-parallel/1.8.4.1/hdf5-parallel-pgi/lib -lhdf5_hl -lhdf5 -lz'
ac_cv_env_build_alias_set=
ac_cv_env_build_alias_value=
ac_cv_env_host_alias_set=
ac_cv_env_host_alias_value=
ac_cv_env_target_alias_set=
ac_cv_env_target_alias_value=
ac_cv_func_gethostname=yes
ac_cv_func_malloc_0_nonnull=yes
ac_cv_func_pow=yes
ac_cv_func_sqrt=yes
ac_cv_func_strncasecmp=yes
ac_cv_header_inttypes_h=yes
ac_cv_header_memory_h=yes
ac_cv_header_stdbool_h=yes
ac_cv_header_stdc=yes
ac_cv_header_stdint_h=yes
ac_cv_header_stdlib_h=yes
ac_cv_header_string_h=yes
ac_cv_header_strings_h=yes
ac_cv_header_sys_stat_h=yes
ac_cv_header_sys_types_h=yes
ac_cv_header_unistd_h=yes
ac_cv_host=x86_64-unknown-linux-gnu
ac_cv_objext=o
ac_cv_path_EGREP='/usr/bin/grep -E'
ac_cv_path_GREP=/usr/bin/grep
ac_cv_path_install='/usr/bin/install -c'
ac_cv_path_mkdir=/bin/mkdir
ac_cv_prog_AWK=gawk
ac_cv_prog_CPP='CC -E'
ac_cv_prog_ac_ct_CC=CC
ac_cv_prog_ac_ct_RANLIB=ranlib
ac_cv_prog_cc_c89=no
ac_cv_prog_cc_g=yes
ac_cv_prog_cxx_g=yes
ac_cv_prog_make_make_set=yes
ac_cv_struct_tm=time.h
ac_cv_type__Bool=no
ac_cv_type_size_t=yes
am_cv_CC_dependencies_compiler_type=none
am_cv_CXX_dependencies_compiler_type=none

## ----------------- ##
## Output variables. ##
## ----------------- ##

ACLOCAL='${SHELL} /ccs/home/bci/PROJECT/autodock4.lga.MPI/moldyn/autodock4.lga.MPI/missing --run aclocal-1.10'
AMDEPBACKSLASH='\'
AMDEP_FALSE='#'
AMDEP_TRUE=''
AMTAR='${SHELL} /ccs/home/bci/PROJECT/autodock4.lga.MPI/moldyn/autodock4.lga.MPI/missing --run tar'
AUTOCONF='${SHELL} /ccs/home/bci/PROJECT/autodock4.lga.MPI/moldyn/autodock4.lga.MPI/missing --run autoconf'
AUTOHEADER='${SHELL} /ccs/home/bci/PROJECT/autodock4.lga.MPI/moldyn/autodock4.lga.MPI/missing --run autoheader'
AUTOMAKE='${SHELL} /ccs/home/bci/PROJECT/autodock4.lga.MPI/moldyn/autodock4.lga.MPI/missing --run automake-1.10'
AWK='gawk'
CC='CC'
CCDEPMODE='depmode=none'
CFLAGS='-g'
CPP='CC -E'
CPPFLAGS='-I/opt/cray/hdf5-parallel/1.8.4.1/hdf5-parallel-pgi/include'
CXX='CC'
CXXDEPMODE='depmode=none'
CXXFLAGS=''
CYGPATH_W='echo'
DEFS='-DPACKAGE_NAME=\"autodock\" -DPACKAGE_TARNAME=\"autodock\" -DPACKAGE_VERSION=\"4.2.1\" -DPACKAGE_STRING=\"autodock\ 4.2.1\" -DPACKAGE_BUGREPORT=\"autodock@scripps.edu\" -DPACKAGE=\"autodock\" -DVERSION=\"4.2.1\" -DSTDC_HEADERS=1 -DHAVE_SYS_TYPES_H=1 -DHAVE_SYS_STAT_H=1 -DHAVE_STDLIB_H=1 -DHAVE_STRING_H=1 -DHAVE_MEMORY_H=1 -DHAVE_STRINGS_H=1 -DHAVE_INTTYPES_H=1 -DHAVE_STDINT_H=1 -DHAVE_UNISTD_H=1 -DHAVE_STDBOOL_H=1 -DHAVE_STDLIB_H=1 -DHAVE_MALLOC=1 -DHAVE_GETHOSTNAME=1 -DHAVE_POW=1 -DHAVE_SQRT=1 -DHAVE_STRNCASECMP=1'
DEPDIR='.deps'
ECHO_C=''
ECHO_N='-n'
ECHO_T=''
EGREP='/usr/bin/grep -E'
EXEEXT=''
GREP='/usr/bin/grep'
INSTALL_DATA='${INSTALL} -m 644'
INSTALL_PROGRAM='${INSTALL}'
INSTALL_SCRIPT='${INSTALL}'
INSTALL_STRIP_PROGRAM='$(install_sh) -c -s'
LDFLAGS=''
LIBOBJS=''
LIBS='-L/opt/cray/hdf5-parallel/1.8.4.1/hdf5-parallel-pgi/lib -lhdf5_hl -lhdf5 -lz'
LTLIBOBJS=''
MAKEINFO='${SHELL} /ccs/home/bci/PROJECT/autodock4.lga.MPI/moldyn/autodock4.lga.MPI/missing --run makeinfo'
OBJEXT='o'
PACKAGE='autodock'
PACKAGE_BUGREPORT='autodock@scripps.edu'
PACKAGE_NAME='autodock'
PACKAGE_STRING='autodock 4.2.1'
PACKAGE_TARNAME='autodock'
PACKAGE_VERSION='4.2.1'
PATH_SEPARATOR=':'
RANLIB='ranlib'
SET_MAKE=''
SHELL='/bin/sh'
STRIP=''
VERSION='4.2.1'
WANT_BIGSTACK_FALSE=''
WANT_BIGSTACK_TRUE='#'
ac_ct_CC='CC'
ac_ct_CXX=''
am__fastdepCC_FALSE=''
am__fastdepCC_TRUE='#'
am__fastdepCXX_FALSE=''
am__fastdepCXX_TRUE='#'
am__include='include'
am__isrc=''
am__leading_dot='.'
am__quote=''
am__tar='${AMTAR} chof - "$$tardir"'
am__untar='${AMTAR} xf -'
bindir='${exec_prefix}/bin'
build='x86_64-unknown-linux-gnu'
build_alias=''
build_cpu='x86_64'
build_os='linux-gnu'
build_vendor='unknown'
datadir='${datarootdir}'
datarootdir='${prefix}/share'
docdir='${datarootdir}/doc/${PACKAGE_TARNAME}'
dvidir='${docdir}'
exec_prefix='${prefix}'
host='x86_64-unknown-linux-gnu'
host_alias=''
host_cpu='x86_64'
host_os='linux-gnu'
host_vendor='unknown'
htmldir='${docdir}'
includedir='${prefix}/include'
infodir='${datarootdir}/info'
install_sh='$(SHELL) /ccs/home/bci/PROJECT/autodock4.lga.MPI/moldyn/autodock4.lga.MPI/install-sh'
libdir='${exec_prefix}/lib'
libexecdir='${exec_prefix}/libexec'
localedir='${datarootdir}/locale'
localstatedir='${prefix}/var'
mandir='${datarootdir}/man'
mkdir_p='/bin/mkdir -p'
oldincludedir='/usr/include'
pdfdir='${docdir}'
prefix='/usr/local'
program_transform_name='s,x,x,'
psdir='${docdir}'
sbindir='${exec_prefix}/sbin'
sharedstatedir='${prefix}/com'
sysconfdir='${prefix}/etc'
target_alias=''

## ----------- ##
## confdefs.h. ##
## ----------- ##

#define PACKAGE_NAME "autodock"
#define PACKAGE_TARNAME "autodock"
#define PACKAGE_VERSION "4.2.1"
#define PACKAGE_STRING "autodock 4.2.1"
#define PACKAGE_BUGREPORT "autodock@scripps.edu"
#define PACKAGE "autodock"
#define VERSION "4.2.1"
#define STDC_HEADERS 1
#define HAVE_SYS_TYPES_H 1
#define HAVE_SYS_STAT_H 1
#define HAVE_STDLIB_H 1
#define HAVE_STRING_H 1
#define HAVE_MEMORY_H 1
#define HAVE_STRINGS_H 1
#define HAVE_INTTYPES_H 1
#define HAVE_STDINT_H 1
#define HAVE_UNISTD_H 1
#define HAVE_STDBOOL_H 1
#define HAVE_STDLIB_H 1
#define HAVE_MALLOC 1
#define HAVE_GETHOSTNAME 1
#define HAVE_POW 1
#define HAVE_SQRT 1
#define HAVE_STRNCASECMP 1

configure: exit 0
